2025-06-24 11:59:59,421 INFO: eNivaran startup [in C:\Users\devgu\OneDrive\Desktop\eNivaran_hackathon_project-main\flask_app.py:172]
2025-06-24 12:00:09,288 INFO: eNivaran startup [in C:\Users\devgu\OneDrive\Desktop\eNivaran_hackathon_project-main\flask_app.py:172]
2025-06-24 12:00:14,619 INFO: eNivaran startup [in C:\Users\devgu\OneDrive\Desktop\eNivaran_hackathon_project-main\flask_app.py:172]
2025-06-24 12:00:51,309 ERROR: Unhandled Exception: 'str object' has no attribute 'strftime' [in C:\Users\devgu\OneDrive\Desktop\eNivaran_hackathon_project-main\flask_app.py:149]
2025-06-24 12:00:53,558 ERROR: Unhandled Exception: 'str object' has no attribute 'strftime' [in C:\Users\devgu\OneDrive\Desktop\eNivaran_hackathon_project-main\flask_app.py:149]
2025-06-24 12:01:01,099 ERROR: Unhandled Exception: 'str object' has no attribute 'strftime' [in C:\Users\devgu\OneDrive\Desktop\eNivaran_hackathon_project-main\flask_app.py:149]
2025-06-24 12:01:21,497 ERROR: Unhandled Exception: 'str object' has no attribute 'strftime' [in C:\Users\devgu\OneDrive\Desktop\eNivaran_hackathon_project-main\flask_app.py:149]
2025-06-24 12:02:36,376 ERROR: Unhandled Exception: 'str object' has no attribute 'strftime' [in C:\Users\devgu\OneDrive\Desktop\eNivaran_hackathon_project-main\flask_app.py:149]
2025-06-24 12:02:46,937 ERROR: Unhandled Exception: 'str object' has no attribute 'strftime' [in C:\Users\devgu\OneDrive\Desktop\eNivaran_hackathon_project-main\flask_app.py:149]
2025-06-24 12:09:53,859 INFO: eNivaran startup [in C:\Users\devgu\OneDrive\Desktop\eNivaran_hackathon_project-main\flask_app.py:181]
2025-06-24 12:09:58,448 INFO: eNivaran startup [in C:\Users\devgu\OneDrive\Desktop\eNivaran_hackathon_project-main\flask_app.py:181]
2025-06-24 12:12:26,234 INFO: eNivaran startup [in C:\Users\devgu\OneDrive\Desktop\eNivaran_hackathon_project-main\flask_app.py:181]
2025-06-24 12:12:30,748 INFO: eNivaran startup [in C:\Users\devgu\OneDrive\Desktop\eNivaran_hackathon_project-main\flask_app.py:181]
2025-06-24 12:19:55,471 INFO: eNivaran startup [in C:\Users\devgu\OneDrive\Desktop\eNivaran_hackathon_project-main\flask_app.py:181]
2025-06-24 12:19:59,938 INFO: eNivaran startup [in C:\Users\devgu\OneDrive\Desktop\eNivaran_hackathon_project-main\flask_app.py:181]
2025-06-24 12:29:39,117 INFO: eNivaran startup [in C:\Users\devgu\OneDrive\Desktop\eNivaran_hackathon_project-main\flask_app.py:181]
2025-06-24 12:30:23,052 INFO: eNivaran startup [in C:\Users\devgu\OneDrive\Desktop\eNivaran_hackathon_project-main\flask_app.py:181]
2025-06-24 12:31:05,840 INFO: eNivaran startup [in C:\Users\devgu\OneDrive\Desktop\eNivaran_hackathon_project-main\flask_app.py:181]
2025-06-24 12:31:15,270 INFO: eNivaran startup [in C:\Users\devgu\OneDrive\Desktop\eNivaran_hackathon_project-main\flask_app.py:181]
2025-06-25 12:06:07,629 INFO: eNivaran startup [in C:\Users\Hello\OneDrive\Documents\eNivaran_hackathon_project-main\flask_app.py:181]
2025-06-25 12:06:15,098 INFO: eNivaran startup [in C:\Users\Hello\OneDrive\Documents\eNivaran_hackathon_project-main\flask_app.py:181]
2025-06-25 12:14:35,692 INFO: eNivaran startup [in C:\Users\Hello\OneDrive\Documents\eNivaran_hackathon_project-main\flask_app.py:181]
2025-06-25 12:14:44,909 INFO: eNivaran startup [in C:\Users\Hello\OneDrive\Documents\eNivaran_hackathon_project-main\flask_app.py:181]
2025-06-25 12:16:45,021 ERROR: Unhandled Exception: a bytes-like object is required, not 'str' [in C:\Users\Hello\OneDrive\Documents\eNivaran_hackathon_project-main\flask_app.py:158]
2025-06-25 12:16:48,531 ERROR: Unhandled Exception: a bytes-like object is required, not 'str' [in C:\Users\Hello\OneDrive\Documents\eNivaran_hackathon_project-main\flask_app.py:158]
2025-06-25 12:16:57,804 ERROR: Unhandled Exception: a bytes-like object is required, not 'str' [in C:\Users\Hello\OneDrive\Documents\eNivaran_hackathon_project-main\flask_app.py:158]
2025-06-25 12:17:04,666 ERROR: Unhandled Exception: a bytes-like object is required, not 'str' [in C:\Users\Hello\OneDrive\Documents\eNivaran_hackathon_project-main\flask_app.py:158]
2025-06-25 12:52:34,424 INFO: eNivaran startup [in C:\Users\Hello\OneDrive\Documents\eNivaran_hackathon_project-main\flask_app.py:217]
2025-06-25 12:52:34,427 INFO: Loading existing complaints into duplicate detector... [in C:\Users\Hello\OneDrive\Documents\eNivaran_hackathon_project-main\flask_app.py:119]
2025-06-25 12:52:34,785 INFO: Loaded 1 complaints into the detector. [in C:\Users\Hello\OneDrive\Documents\eNivaran_hackathon_project-main\flask_app.py:141]
2025-06-25 12:52:50,955 INFO: eNivaran startup [in C:\Users\Hello\OneDrive\Documents\eNivaran_hackathon_project-main\flask_app.py:217]
2025-06-25 12:52:50,961 INFO: Loading existing complaints into duplicate detector... [in C:\Users\Hello\OneDrive\Documents\eNivaran_hackathon_project-main\flask_app.py:119]
2025-06-25 12:52:51,409 INFO: Loaded 1 complaints into the detector. [in C:\Users\Hello\OneDrive\Documents\eNivaran_hackathon_project-main\flask_app.py:141]
2025-06-25 12:55:17,759 INFO: No significant duplicate found. Registering as a new complaint. [in C:\Users\Hello\OneDrive\Documents\eNivaran_hackathon_project-main\flask_app.py:844]
2025-06-25 12:55:18,101 INFO: New complaint #2 added to the live detector. [in C:\Users\Hello\OneDrive\Documents\eNivaran_hackathon_project-main\flask_app.py:870]
2025-06-25 12:56:29,336 INFO: Duplicate detected with confidence 0.95. Original report ID: 2 [in C:\Users\Hello\OneDrive\Documents\eNivaran_hackathon_project-main\flask_app.py:842]
2025-06-25 13:13:01,237 INFO: eNivaran startup [in C:\Users\Hello\OneDrive\Documents\eNivaran_hackathon_project-main\flask_app.py:217]
2025-06-25 13:13:01,244 INFO: Loading existing complaints into duplicate detector... [in C:\Users\Hello\OneDrive\Documents\eNivaran_hackathon_project-main\flask_app.py:119]
2025-06-25 13:13:01,973 INFO: Loaded 2 complaints into the detector. [in C:\Users\Hello\OneDrive\Documents\eNivaran_hackathon_project-main\flask_app.py:141]
2025-06-25 13:13:05,492 INFO: Detector clusters have been built. [in C:\Users\Hello\OneDrive\Documents\eNivaran_hackathon_project-main\flask_app.py:145]
2025-06-25 13:15:45,299 INFO: eNivaran startup [in C:\Users\Hello\OneDrive\Documents\eNivaran_hackathon_project-main\flask_app.py:217]
2025-06-25 13:15:45,302 INFO: Loading existing complaints into duplicate detector... [in C:\Users\Hello\OneDrive\Documents\eNivaran_hackathon_project-main\flask_app.py:119]
2025-06-25 13:15:45,684 INFO: Loaded 2 complaints into the detector. [in C:\Users\Hello\OneDrive\Documents\eNivaran_hackathon_project-main\flask_app.py:141]
2025-06-25 13:15:47,195 INFO: Detector clusters have been built. [in C:\Users\Hello\OneDrive\Documents\eNivaran_hackathon_project-main\flask_app.py:145]
2025-06-25 13:22:26,912 INFO: Duplicate detected with confidence 0.66. Original report ID: 1 [in C:\Users\Hello\OneDrive\Documents\eNivaran_hackathon_project-main\flask_app.py:870]
2025-06-25 13:29:11,588 INFO: eNivaran startup [in C:\Users\Hello\OneDrive\Documents\eNivaran_hackathon_project-main\flask_app.py:217]
2025-06-25 13:30:27,454 INFO: eNivaran startup [in C:\Users\Hello\OneDrive\Documents\eNivaran_hackathon_project-main\flask_app.py:217]
2025-06-25 13:30:27,464 INFO: Loading existing complaints into duplicate detector... [in C:\Users\Hello\OneDrive\Documents\eNivaran_hackathon_project-main\flask_app.py:119]
2025-06-25 13:30:27,797 INFO: Loaded 2 complaints into the detector. [in C:\Users\Hello\OneDrive\Documents\eNivaran_hackathon_project-main\flask_app.py:141]
2025-06-25 13:30:29,277 INFO: Detector clusters have been built. [in C:\Users\Hello\OneDrive\Documents\eNivaran_hackathon_project-main\flask_app.py:145]
2025-06-25 13:30:45,168 INFO: eNivaran startup [in C:\Users\Hello\OneDrive\Documents\eNivaran_hackathon_project-main\flask_app.py:217]
2025-06-25 13:30:45,174 INFO: Loading existing complaints into duplicate detector... [in C:\Users\Hello\OneDrive\Documents\eNivaran_hackathon_project-main\flask_app.py:119]
2025-06-25 13:30:45,878 INFO: Loaded 2 complaints into the detector. [in C:\Users\Hello\OneDrive\Documents\eNivaran_hackathon_project-main\flask_app.py:141]
2025-06-25 13:30:47,534 INFO: Detector clusters have been built. [in C:\Users\Hello\OneDrive\Documents\eNivaran_hackathon_project-main\flask_app.py:145]
2025-06-25 13:32:28,226 WARNING: User 2 attempted to upvote complaint 1 again. [in C:\Users\Hello\OneDrive\Documents\eNivaran_hackathon_project-main\flask_app.py:791]
2025-06-25 13:32:31,672 WARNING: User 2 attempted to upvote complaint 2 again. [in C:\Users\Hello\OneDrive\Documents\eNivaran_hackathon_project-main\flask_app.py:791]
2025-06-25 13:32:33,287 WARNING: User 2 attempted to upvote complaint 2 again. [in C:\Users\Hello\OneDrive\Documents\eNivaran_hackathon_project-main\flask_app.py:791]
2025-06-25 13:35:17,389 INFO: eNivaran startup [in C:\Users\Hello\OneDrive\Documents\eNivaran_hackathon_project-main\flask_app.py:217]
2025-06-25 13:35:17,392 INFO: Loading existing complaints into duplicate detector... [in C:\Users\Hello\OneDrive\Documents\eNivaran_hackathon_project-main\flask_app.py:119]
2025-06-25 13:35:17,786 INFO: Loaded 2 complaints into the detector. [in C:\Users\Hello\OneDrive\Documents\eNivaran_hackathon_project-main\flask_app.py:141]
2025-06-25 13:35:19,304 INFO: Detector clusters have been built. [in C:\Users\Hello\OneDrive\Documents\eNivaran_hackathon_project-main\flask_app.py:145]
2025-06-25 13:52:22,407 INFO: eNivaran startup [in C:\Users\Hello\OneDrive\Documents\eNivaran_hackathon_project-main\flask_app.py:217]
2025-06-25 13:52:22,414 INFO: Loading existing complaints into duplicate detector... [in C:\Users\Hello\OneDrive\Documents\eNivaran_hackathon_project-main\flask_app.py:119]
2025-06-25 13:52:22,855 INFO: Loaded 2 complaints into the detector. [in C:\Users\Hello\OneDrive\Documents\eNivaran_hackathon_project-main\flask_app.py:141]
2025-06-25 13:52:24,600 INFO: Detector clusters have been built. [in C:\Users\Hello\OneDrive\Documents\eNivaran_hackathon_project-main\flask_app.py:145]
2025-06-25 13:52:40,452 INFO: eNivaran startup [in C:\Users\Hello\OneDrive\Documents\eNivaran_hackathon_project-main\flask_app.py:217]
2025-06-25 13:52:40,460 INFO: Loading existing complaints into duplicate detector... [in C:\Users\Hello\OneDrive\Documents\eNivaran_hackathon_project-main\flask_app.py:119]
2025-06-25 13:52:41,279 INFO: Loaded 2 complaints into the detector. [in C:\Users\Hello\OneDrive\Documents\eNivaran_hackathon_project-main\flask_app.py:141]
2025-06-25 13:52:42,876 INFO: Detector clusters have been built. [in C:\Users\Hello\OneDrive\Documents\eNivaran_hackathon_project-main\flask_app.py:145]
2025-06-25 13:56:37,563 INFO: No significant duplicate found. Registering as a new complaint. [in C:\Users\Hello\OneDrive\Documents\eNivaran_hackathon_project-main\flask_app.py:943]
2025-06-25 13:56:37,831 INFO: New complaint #5 added to the live detector. [in C:\Users\Hello\OneDrive\Documents\eNivaran_hackathon_project-main\flask_app.py:969]
2025-06-25 13:58:06,098 INFO: No significant duplicate found. Registering as a new complaint. [in C:\Users\Hello\OneDrive\Documents\eNivaran_hackathon_project-main\flask_app.py:943]
2025-06-25 13:58:06,368 INFO: New complaint #6 added to the live detector. [in C:\Users\Hello\OneDrive\Documents\eNivaran_hackathon_project-main\flask_app.py:969]
2025-06-25 13:58:38,512 WARNING: User 2 attempted to upvote complaint 6 again. [in C:\Users\Hello\OneDrive\Documents\eNivaran_hackathon_project-main\flask_app.py:820]
2025-06-25 13:58:43,036 WARNING: User 2 attempted to upvote complaint 5 again. [in C:\Users\Hello\OneDrive\Documents\eNivaran_hackathon_project-main\flask_app.py:820]
2025-06-25 13:58:59,138 INFO: Admin admin001 deleted complaint #6. [in C:\Users\Hello\OneDrive\Documents\eNivaran_hackathon_project-main\flask_app.py:636]
2025-06-25 21:39:19,080 INFO: eNivaran startup [in C:\Users\Hello\OneDrive\Documents\eNivaran_hackathon_project-main\flask_app.py:217]
2025-06-25 21:39:19,098 INFO: Loading existing complaints into duplicate detector... [in C:\Users\Hello\OneDrive\Documents\eNivaran_hackathon_project-main\flask_app.py:119]
2025-06-25 21:39:19,712 INFO: Loaded 3 complaints into the detector. [in C:\Users\Hello\OneDrive\Documents\eNivaran_hackathon_project-main\flask_app.py:141]
2025-06-25 21:39:21,517 INFO: Detector clusters have been built. [in C:\Users\Hello\OneDrive\Documents\eNivaran_hackathon_project-main\flask_app.py:145]
2025-06-25 21:39:33,453 INFO: eNivaran startup [in C:\Users\Hello\OneDrive\Documents\eNivaran_hackathon_project-main\flask_app.py:217]
2025-06-25 21:39:33,455 INFO: Loading existing complaints into duplicate detector... [in C:\Users\Hello\OneDrive\Documents\eNivaran_hackathon_project-main\flask_app.py:119]
2025-06-25 21:39:33,905 INFO: Loaded 3 complaints into the detector. [in C:\Users\Hello\OneDrive\Documents\eNivaran_hackathon_project-main\flask_app.py:141]
2025-06-25 21:39:35,385 INFO: Detector clusters have been built. [in C:\Users\Hello\OneDrive\Documents\eNivaran_hackathon_project-main\flask_app.py:145]
2025-06-25 21:47:57,069 INFO: No significant duplicate found. Registering as a new complaint. [in C:\Users\Hello\OneDrive\Documents\eNivaran_hackathon_project-main\flask_app.py:943]
2025-06-25 21:47:57,335 INFO: New complaint #7 added to the live detector. [in C:\Users\Hello\OneDrive\Documents\eNivaran_hackathon_project-main\flask_app.py:969]
2025-06-25 21:48:16,281 WARNING: User 2 attempted to upvote complaint 7 again. [in C:\Users\Hello\OneDrive\Documents\eNivaran_hackathon_project-main\flask_app.py:820]
2025-06-25 21:49:40,788 INFO: Admin admin001 deleted complaint #4. [in C:\Users\Hello\OneDrive\Documents\eNivaran_hackathon_project-main\flask_app.py:636]
2025-06-25 22:09:15,895 WARNING: User 2 attempted to upvote complaint 7 again. [in C:\Users\Hello\OneDrive\Documents\eNivaran_hackathon_project-main\flask_app.py:820]
2025-06-25 22:10:22,889 INFO: Duplicate detected with confidence 0.95. Original report ID: 7 [in C:\Users\Hello\OneDrive\Documents\eNivaran_hackathon_project-main\flask_app.py:941]
2025-06-25 22:11:41,534 INFO: Admin admin001 deleted complaint #8. [in C:\Users\Hello\OneDrive\Documents\eNivaran_hackathon_project-main\flask_app.py:636]
2025-06-28 23:52:04,139 INFO: eNivaran startup [in C:\Users\Hello\OneDrive\Documents\eNivaran_hackathon_project-main\flask_app.py:217]
2025-06-28 23:52:04,155 INFO: Loading existing complaints into duplicate detector... [in C:\Users\Hello\OneDrive\Documents\eNivaran_hackathon_project-main\flask_app.py:119]
2025-06-28 23:52:06,391 INFO: Loaded 4 complaints into the detector. [in C:\Users\Hello\OneDrive\Documents\eNivaran_hackathon_project-main\flask_app.py:141]
2025-06-28 23:52:09,387 INFO: Detector clusters have been built. [in C:\Users\Hello\OneDrive\Documents\eNivaran_hackathon_project-main\flask_app.py:145]
2025-06-28 23:52:24,603 INFO: eNivaran startup [in C:\Users\Hello\OneDrive\Documents\eNivaran_hackathon_project-main\flask_app.py:217]
2025-06-28 23:52:24,609 INFO: Loading existing complaints into duplicate detector... [in C:\Users\Hello\OneDrive\Documents\eNivaran_hackathon_project-main\flask_app.py:119]
2025-06-28 23:52:26,387 INFO: Loaded 4 complaints into the detector. [in C:\Users\Hello\OneDrive\Documents\eNivaran_hackathon_project-main\flask_app.py:141]
2025-06-28 23:52:28,012 INFO: Detector clusters have been built. [in C:\Users\Hello\OneDrive\Documents\eNivaran_hackathon_project-main\flask_app.py:145]
2025-06-28 23:57:41,994 INFO: No significant duplicate found. Registering as a new complaint. [in C:\Users\Hello\OneDrive\Documents\eNivaran_hackathon_project-main\flask_app.py:943]
2025-06-28 23:57:42,239 INFO: New complaint #9 added to the live detector. [in C:\Users\Hello\OneDrive\Documents\eNivaran_hackathon_project-main\flask_app.py:969]
2025-07-01 22:34:19,174 INFO: eNivaran startup [in C:\Users\Hello\OneDrive\Documents\eNivaran_hackathon_project-main\flask_app.py:217]
2025-07-01 22:34:19,204 INFO: Loading existing complaints into duplicate detector... [in C:\Users\Hello\OneDrive\Documents\eNivaran_hackathon_project-main\flask_app.py:119]
2025-07-01 22:34:21,013 INFO: Loaded 5 complaints into the detector. [in C:\Users\Hello\OneDrive\Documents\eNivaran_hackathon_project-main\flask_app.py:141]
2025-07-01 22:34:23,489 INFO: Detector clusters have been built. [in C:\Users\Hello\OneDrive\Documents\eNivaran_hackathon_project-main\flask_app.py:145]
2025-07-01 22:34:44,764 INFO: eNivaran startup [in C:\Users\Hello\OneDrive\Documents\eNivaran_hackathon_project-main\flask_app.py:217]
2025-07-01 22:34:44,770 INFO: Loading existing complaints into duplicate detector... [in C:\Users\Hello\OneDrive\Documents\eNivaran_hackathon_project-main\flask_app.py:119]
2025-07-01 22:34:45,670 INFO: Loaded 5 complaints into the detector. [in C:\Users\Hello\OneDrive\Documents\eNivaran_hackathon_project-main\flask_app.py:141]
2025-07-01 22:34:47,385 INFO: Detector clusters have been built. [in C:\Users\Hello\OneDrive\Documents\eNivaran_hackathon_project-main\flask_app.py:145]
2025-07-01 22:35:19,870 WARNING: User 2 attempted to upvote complaint 9 again. [in C:\Users\Hello\OneDrive\Documents\eNivaran_hackathon_project-main\flask_app.py:820]
2025-07-01 22:35:22,004 WARNING: User 2 attempted to upvote complaint 9 again. [in C:\Users\Hello\OneDrive\Documents\eNivaran_hackathon_project-main\flask_app.py:820]
2025-07-02 11:49:16,383 INFO: eNivaran startup [in C:\Users\Hello\OneDrive\Documents\eNivaran_hackathon_project-main\flask_app.py:217]
2025-07-02 11:49:16,418 INFO: Loading existing complaints into duplicate detector... [in C:\Users\Hello\OneDrive\Documents\eNivaran_hackathon_project-main\flask_app.py:119]
2025-07-02 11:49:20,057 INFO: Loaded 5 complaints into the detector. [in C:\Users\Hello\OneDrive\Documents\eNivaran_hackathon_project-main\flask_app.py:141]
2025-07-02 11:49:22,252 INFO: Detector clusters have been built. [in C:\Users\Hello\OneDrive\Documents\eNivaran_hackathon_project-main\flask_app.py:145]
2025-07-02 11:49:40,934 INFO: eNivaran startup [in C:\Users\Hello\OneDrive\Documents\eNivaran_hackathon_project-main\flask_app.py:217]
2025-07-02 11:49:40,937 INFO: Loading existing complaints into duplicate detector... [in C:\Users\Hello\OneDrive\Documents\eNivaran_hackathon_project-main\flask_app.py:119]
2025-07-02 11:49:42,913 INFO: Loaded 5 complaints into the detector. [in C:\Users\Hello\OneDrive\Documents\eNivaran_hackathon_project-main\flask_app.py:141]
2025-07-02 11:49:44,641 INFO: Detector clusters have been built. [in C:\Users\Hello\OneDrive\Documents\eNivaran_hackathon_project-main\flask_app.py:145]
2025-07-02 15:35:57,372 INFO: eNivaran startup [in C:\Users\Hello\OneDrive\Documents\eNivaran_hackathon_project-main\flask_app.py:230]
2025-07-02 15:35:57,396 INFO: Loading existing complaints into duplicate detector... [in C:\Users\Hello\OneDrive\Documents\eNivaran_hackathon_project-main\flask_app.py:132]
2025-07-02 15:35:58,634 INFO: Loaded 5 complaints into the detector. [in C:\Users\Hello\OneDrive\Documents\eNivaran_hackathon_project-main\flask_app.py:154]
2025-07-02 15:36:00,853 INFO: Detector clusters have been built. [in C:\Users\Hello\OneDrive\Documents\eNivaran_hackathon_project-main\flask_app.py:158]
2025-07-02 15:36:20,528 INFO: eNivaran startup [in C:\Users\Hello\OneDrive\Documents\eNivaran_hackathon_project-main\flask_app.py:230]
2025-07-02 15:36:20,533 INFO: Loading existing complaints into duplicate detector... [in C:\Users\Hello\OneDrive\Documents\eNivaran_hackathon_project-main\flask_app.py:132]
2025-07-02 15:36:21,429 INFO: Loaded 5 complaints into the detector. [in C:\Users\Hello\OneDrive\Documents\eNivaran_hackathon_project-main\flask_app.py:154]
2025-07-02 15:36:23,193 INFO: Detector clusters have been built. [in C:\Users\Hello\OneDrive\Documents\eNivaran_hackathon_project-main\flask_app.py:158]
2025-07-04 17:48:55,715 INFO: eNivaran startup [in C:\Users\Hello\Music\eNivaran_hackathon_project-main\flask_app.py:230]
2025-07-04 17:48:55,723 INFO: Loading existing complaints into duplicate detector... [in C:\Users\Hello\Music\eNivaran_hackathon_project-main\flask_app.py:132]
2025-07-04 17:48:56,994 INFO: Loaded 5 complaints into the detector. [in C:\Users\Hello\Music\eNivaran_hackathon_project-main\flask_app.py:154]
2025-07-04 17:49:00,419 INFO: Detector clusters have been built. [in C:\Users\Hello\Music\eNivaran_hackathon_project-main\flask_app.py:158]
2025-07-04 17:49:14,762 INFO: eNivaran startup [in C:\Users\Hello\Music\eNivaran_hackathon_project-main\flask_app.py:230]
2025-07-04 17:49:14,764 INFO: Loading existing complaints into duplicate detector... [in C:\Users\Hello\Music\eNivaran_hackathon_project-main\flask_app.py:132]
2025-07-04 17:49:15,742 INFO: Loaded 5 complaints into the detector. [in C:\Users\Hello\Music\eNivaran_hackathon_project-main\flask_app.py:154]
2025-07-04 17:49:17,384 INFO: Detector clusters have been built. [in C:\Users\Hello\Music\eNivaran_hackathon_project-main\flask_app.py:158]
2025-07-04 17:52:08,747 INFO: Duplicate detected with confidence 0.95. Original report ID: 2 [in C:\Users\Hello\Music\eNivaran_hackathon_project-main\flask_app.py:1030]
2025-07-04 17:52:21,994 INFO: Duplicate detected with confidence 0.95. Original report ID: 2 [in C:\Users\Hello\Music\eNivaran_hackathon_project-main\flask_app.py:1030]
2025-07-04 17:52:27,541 INFO: No significant duplicate found. Registering as a new complaint. [in C:\Users\Hello\Music\eNivaran_hackathon_project-main\flask_app.py:1032]
2025-07-04 17:52:27,836 INFO: New complaint #1 added to the live detector. [in C:\Users\Hello\Music\eNivaran_hackathon_project-main\flask_app.py:1058]
2025-07-04 17:52:44,425 WARNING: User 2 attempted to upvote complaint 1 again. [in C:\Users\Hello\Music\eNivaran_hackathon_project-main\flask_app.py:848]
2025-07-04 17:52:47,727 WARNING: User 2 attempted to upvote complaint 1 again. [in C:\Users\Hello\Music\eNivaran_hackathon_project-main\flask_app.py:848]
2025-07-04 17:52:59,348 WARNING: User 2 attempted to upvote complaint 1 again. [in C:\Users\Hello\Music\eNivaran_hackathon_project-main\flask_app.py:848]
2025-07-04 17:53:01,418 WARNING: User 2 attempted to upvote complaint 1 again. [in C:\Users\Hello\Music\eNivaran_hackathon_project-main\flask_app.py:848]
2025-07-04 17:53:04,359 WARNING: User 2 attempted to upvote complaint 1 again. [in C:\Users\Hello\Music\eNivaran_hackathon_project-main\flask_app.py:848]
